{
  "RSpec": {
    "coverage": {
      "/Users/praveenkumara/vshop_repo/sample_project/app/controllers/employees_controller.rb": {
        "lines": [
          1,
          1,
          null,
          null,
          1,
          0,
          null,
          null,
          null,
          1,
          null,
          null,
          null,
          1,
          0,
          null,
          null,
          null,
          1,
          null,
          null,
          null,
          null,
          1,
          0,
          null,
          0,
          0,
          0,
          0,
          null,
          0,
          0,
          null,
          null,
          null,
          null,
          1,
          null,
          null,
          null,
          1,
          0,
          0,
          0,
          0,
          null,
          0,
          0,
          null,
          null,
          null,
          null,
          null,
          1,
          0,
          0,
          0,
          0,
          null,
          null,
          null,
          1,
          1,
          1,
          1,
          1,
          1,
          1,
          null,
          null,
          null,
          1,
          null,
          1,
          0,
          null,
          null,
          null,
          1,
          0,
          null,
          null
        ],
        "branches": {
          "[:if, 0, 28, 6, 34, 9]": {
            "[:then, 1, 29, 8, 30, 75]": 0,
            "[:else, 2, 32, 8, 33, 84]": 0
          },
          "[:if, 3, 44, 6, 50, 9]": {
            "[:then, 4, 45, 8, 46, 70]": 0,
            "[:else, 5, 48, 8, 49, 84]": 0
          }
        }
      },
      "/Users/praveenkumara/vshop_repo/sample_project/app/controllers/application_controller.rb": {
        "lines": [
          1,
          null
        ],
        "branches": {
        }
      },
      "/Users/praveenkumara/vshop_repo/sample_project/app/mailers/application_mailer.rb": {
        "lines": [
          0,
          0,
          0,
          0
        ],
        "branches": {
        }
      },
      "/Users/praveenkumara/vshop_repo/sample_project/app/models/employer.rb": {
        "lines": [
          0,
          0,
          0
        ],
        "branches": {
        }
      },
      "/Users/praveenkumara/vshop_repo/sample_project/app/models/employee.rb": {
        "lines": [
          0,
          0,
          0
        ],
        "branches": {
        }
      },
      "/Users/praveenkumara/vshop_repo/sample_project/app/models/application_record.rb": {
        "lines": [
          0,
          0,
          0
        ],
        "branches": {
        }
      },
      "/Users/praveenkumara/vshop_repo/sample_project/app/jobs/application_job.rb": {
        "lines": [
          0,
          null,
          null,
          null,
          null,
          null,
          0
        ],
        "branches": {
        }
      },
      "/Users/praveenkumara/vshop_repo/sample_project/app/helpers/employees_helper.rb": {
        "lines": [
          0,
          0,
          0,
          0,
          0,
          0,
          0
        ],
        "branches": {
        }
      },
      "/Users/praveenkumara/vshop_repo/sample_project/app/helpers/application_helper.rb": {
        "lines": [
          0,
          0
        ],
        "branches": {
        }
      },
      "/Users/praveenkumara/vshop_repo/sample_project/app/channels/application_cable/connection.rb": {
        "lines": [
          0,
          0,
          0,
          0
        ],
        "branches": {
        }
      },
      "/Users/praveenkumara/vshop_repo/sample_project/app/channels/application_cable/channel.rb": {
        "lines": [
          0,
          0,
          0,
          0
        ],
        "branches": {
        }
      }
    },
    "timestamp": 1636997204
  }
}
