{
  "RSpec": {
    "coverage": {
      "/Users/praveenkumara/vshop_repo/sample_project/app/controllers/employees_controller.rb": [
        1,
        1,
        null,
        null,
        1,
        0,
        null,
        null,
        null,
        1,
        null,
        null,
        null,
        1,
        0,
        null,
        null,
        null,
        1,
        null,
        null,
        null,
        null,
        1,
        0,
        null,
        0,
        0,
        0,
        0,
        null,
        0,
        0,
        null,
        null,
        null,
        null,
        1,
        null,
        null,
        null,
        1,
        0,
        0,
        0,
        0,
        null,
        0,
        0,
        null,
        null,
        null,
        null,
        null,
        1,
        0,
        0,
        0,
        0,
        null,
        null,
        null,
        1,
        1,
        null,
        null,
        1,
        null,
        1,
        0,
        null,
        null,
        null,
        1,
        0,
        null,
        null
      ],
      "/Users/praveenkumara/vshop_repo/sample_project/app/controllers/application_controller.rb": [
        1,
        null
      ],
      "/Users/praveenkumara/vshop_repo/sample_project/app/mailers/application_mailer.rb": [
        0,
        0,
        0,
        0
      ],
      "/Users/praveenkumara/vshop_repo/sample_project/app/models/employer.rb": [
        0,
        0,
        0
      ],
      "/Users/praveenkumara/vshop_repo/sample_project/app/models/employee.rb": [
        0,
        0,
        0
      ],
      "/Users/praveenkumara/vshop_repo/sample_project/app/models/application_record.rb": [
        0,
        0,
        0
      ],
      "/Users/praveenkumara/vshop_repo/sample_project/app/jobs/application_job.rb": [
        0,
        null,
        null,
        null,
        null,
        null,
        0
      ],
      "/Users/praveenkumara/vshop_repo/sample_project/app/helpers/employees_helper.rb": [
        0,
        0
      ],
      "/Users/praveenkumara/vshop_repo/sample_project/app/helpers/application_helper.rb": [
        0,
        0
      ],
      "/Users/praveenkumara/vshop_repo/sample_project/app/channels/application_cable/connection.rb": [
        0,
        0,
        0,
        0
      ],
      "/Users/praveenkumara/vshop_repo/sample_project/app/channels/application_cable/channel.rb": [
        0,
        0,
        0,
        0
      ]
    },
    "timestamp": 1636976585
  }
}
